Arguments: 
  C:\Program Files\nodejs\node.exe C:\Program Files (x86)\Yarn\bin\yarn.js add [package]@[version]

PATH: 
  C:\WINDOWS\system32;C:\WINDOWS;C:\WINDOWS\System32\Wbem;C:\WINDOWS\System32\WindowsPowerShell\v1.0\;C:\WINDOWS\System32\OpenSSH\;C:\Program Files\Git\cmd;C:\Program Files\nodejs\;C:\ProgramData\chocolatey\bin;C:\Program Files (x86)\Yarn\bin\;C:\Users\saime\AppData\Local\Microsoft\WindowsApps;;C:\Users\saime\AppData\Local\Programs\Microsoft VS Code\bin;C:\Users\saime\AppData\Roaming\npm;C:\Users\saime\AppData\Local\Yarn\bin

Yarn version: 
  1.22.19

Node version: 
  18.15.0

Platform: 
  win32 x64

Trace: 
  Error: https://registry.yarnpkg.com/[package]: Not found
      at params.callback [as _callback] (C:\Program Files (x86)\Yarn\lib\cli.js:66145:18)
      at self.callback (C:\Program Files (x86)\Yarn\lib\cli.js:140890:22)
      at Request.emit (node:events:513:28)
      at Request.<anonymous> (C:\Program Files (x86)\Yarn\lib\cli.js:141862:10)
      at Request.emit (node:events:513:28)
      at IncomingMessage.<anonymous> (C:\Program Files (x86)\Yarn\lib\cli.js:141784:12)
      at Object.onceWrapper (node:events:627:28)
      at IncomingMessage.emit (node:events:525:35)
      at endReadableNT (node:internal/streams/readable:1359:12)
      at process.processTicksAndRejections (node:internal/process/task_queues:82:21)

npm manifest: 
  {
    "name": "docx-converter",
    "version": "0.1.0",
    "private": true,
    "dependencies": {
      "mammoth": "1.4.2",
      "react": "^15.6.1",
      "react-dom": "^15.6.1",
      "react-file-drag-and-drop": "0.1.6",
      "react-scripts": "1.0.11"
    },
    "scripts": {
      "start": "react-scripts start"
    },
    "devDependencies": {
      "chokidar-cli": "1.2.0",
      "gh-pages": "^5.0.0",
      "gulp": "3.9.1",
      "gulp-autoprefixer": "4.0.0",
      "gulp-clean-css": "3.7.0",
      "gulp-less": "3.3.2",
      "gulp-plumber": "1.1.0",
      "gulp-sourcemaps": "2.6.0",
      "http-server": "0.10.0",
      "npm-run-all": "4.0.2"
    }
  }

yarn manifest: 
  No manifest

Lockfile: 
  No lockfile
